<?xml version="1.0" encoding="UTF-8"?>
<testng-results ignored="0" total="1" passed="1" failed="0" skipped="0">
  <reporter-output>
  </reporter-output>
  <suite started-at="2022-02-16T23:46:48 EST" name="Default suite" finished-at="2022-02-16T23:46:58 EST" duration-ms="9729">
    <groups>
    </groups>
    <test started-at="2022-02-16T23:46:48 EST" name="Default test" finished-at="2022-02-16T23:46:58 EST" duration-ms="9729">
      <class name="seleniumMethod.B_use_of_get_method">
        <test-method is-config="true" signature="setUp()[pri:0, instance:seleniumMethod.B_use_of_get_method@2ed2d9cb]" started-at="2022-02-16T23:46:48 EST" name="setUp" finished-at="2022-02-16T23:46:58 EST" duration-ms="9404" status="PASS">
          <reporter-output>
          </reporter-output>
        </test-method> <!-- setUp -->
        <test-method signature="loginButtonTest()[pri:0, instance:seleniumMethod.B_use_of_get_method@2ed2d9cb]" started-at="2022-02-16T23:46:58 EST" name="loginButtonTest" finished-at="2022-02-16T23:46:58 EST" duration-ms="92" status="PASS">
          <reporter-output>
          </reporter-output>
        </test-method> <!-- loginButtonTest -->
        <test-method is-config="true" signature="tearUp()[pri:0, instance:seleniumMethod.B_use_of_get_method@2ed2d9cb]" started-at="2022-02-16T23:46:58 EST" name="tearUp" finished-at="2022-02-16T23:46:58 EST" duration-ms="203" status="PASS">
          <reporter-output>
          </reporter-output>
        </test-method> <!-- tearUp -->
      </class> <!-- seleniumMethod.B_use_of_get_method -->
    </test> <!-- Default test -->
  </suite> <!-- Default suite -->
</testng-results>
